0 info it worked if it ends with ok
1 verbose cli [ '/usr/bin/node',
1 verbose cli   '/usr/bin/npm',
1 verbose cli   'view',
1 verbose cli   '--json',
1 verbose cli   'Thenable',
1 verbose cli   'description',
1 verbose cli   'dist-tags.latest',
1 verbose cli   'homepage' ]
2 info using npm@3.5.2
3 info using node@v8.10.0
4 silly mapToRegistry name Thenable
5 silly mapToRegistry using default registry
6 silly mapToRegistry registry https://registry.npmjs.org/
7 silly mapToRegistry uri https://registry.npmjs.org/Thenable
8 verbose request uri https://registry.npmjs.org/Thenable
9 verbose request no auth needed
10 info attempt registry request try #1 at 12:48:06 PM
11 verbose request id 57cd6f150786ca07
12 http request GET https://registry.npmjs.org/Thenable
13 http 404 https://registry.npmjs.org/Thenable
14 verbose headers { date: 'Tue, 20 Aug 2019 15:48:29 GMT',
14 verbose headers   'content-type': 'application/json',
14 verbose headers   'content-length': '21',
14 verbose headers   connection: 'keep-alive',
14 verbose headers   'set-cookie':
14 verbose headers    [ '__cfduid=dd138712ff1132e76f14c1e60093e07561566316108; expires=Wed, 19-Aug-20 15:48:28 GMT; path=/; domain=.npmjs.org; HttpOnly' ],
14 verbose headers   'cf-cache-status': 'MISS',
14 verbose headers   'cache-control': 'max-age=300',
14 verbose headers   'cf-ray': '509582fe588bd044-GRU',
14 verbose headers   'expect-ct': 'max-age=604800, report-uri="https://report-uri.cloudflare.com/cdn-cgi/beacon/expect-ct"',
14 verbose headers   vary: 'accept-encoding, accept',
14 verbose headers   server: 'cloudflare' }
15 silly get cb [ 404,
15 silly get   { date: 'Tue, 20 Aug 2019 15:48:29 GMT',
15 silly get     'content-type': 'application/json',
15 silly get     'content-length': '21',
15 silly get     connection: 'keep-alive',
15 silly get     'set-cookie':
15 silly get      [ '__cfduid=dd138712ff1132e76f14c1e60093e07561566316108; expires=Wed, 19-Aug-20 15:48:28 GMT; path=/; domain=.npmjs.org; HttpOnly' ],
15 silly get     'cf-cache-status': 'MISS',
15 silly get     'cache-control': 'max-age=300',
15 silly get     'cf-ray': '509582fe588bd044-GRU',
15 silly get     'expect-ct': 'max-age=604800, report-uri="https://report-uri.cloudflare.com/cdn-cgi/beacon/expect-ct"',
15 silly get     vary: 'accept-encoding, accept',
15 silly get     server: 'cloudflare' } ]
16 verbose stack Error: Not found : Thenable
16 verbose stack     at makeError (/usr/share/npm/node_modules/npm-registry-client/lib/request.js:264:12)
16 verbose stack     at CachingRegistryClient.<anonymous> (/usr/share/npm/node_modules/npm-registry-client/lib/request.js:252:14)
16 verbose stack     at Request._callback (/usr/share/npm/node_modules/npm-registry-client/lib/request.js:172:14)
16 verbose stack     at Request.self.callback (/usr/share/npm/node_modules/request/request.js:198:22)
16 verbose stack     at emitTwo (events.js:126:13)
16 verbose stack     at Request.emit (events.js:214:7)
16 verbose stack     at Request.<anonymous> (/usr/share/npm/node_modules/request/request.js:1082:10)
16 verbose stack     at emitOne (events.js:121:20)
16 verbose stack     at Request.emit (events.js:211:7)
16 verbose stack     at IncomingMessage.<anonymous> (/usr/share/npm/node_modules/request/request.js:1009:12)
17 verbose statusCode 404
18 verbose pkgid Thenable
19 verbose cwd /home/milton/Docker/Projects/complex
20 error Linux 5.0.0-25-generic
21 error argv "/usr/bin/node" "/usr/bin/npm" "view" "--json" "Thenable" "description" "dist-tags.latest" "homepage"
22 error node v8.10.0
23 error npm  v3.5.2
24 error code E404
25 error 404 Not found : Thenable
26 error 404
27 error 404 'Thenable' is not in the npm registry.
28 error 404 Your package name is not valid, because
29 error 404 1. name can no longer contain capital letters
30 error 404 Note that you can also install from a
31 error 404 tarball, folder, http url, or git url.
32 verbose exit [ 1, true ]
